[debug] [2021-06-12T07:14:20.457Z] ----------------------------------------------------------------------
[debug] [2021-06-12T07:14:20.459Z] Command:       C:\Program Files\nodejs\node.exe C:\Users\PC\AppData\Roaming\npm\node_modules\firebase-tools\lib\bin\firebase.js init
[debug] [2021-06-12T07:14:20.460Z] CLI Version:   9.9.0
[debug] [2021-06-12T07:14:20.460Z] Platform:      win32
[debug] [2021-06-12T07:14:20.460Z] Node Version:  v10.15.1
[debug] [2021-06-12T07:14:20.462Z] Time:          Sat Jun 12 2021 09:14:20 GMT+0200 (GMT+02:00)
[debug] [2021-06-12T07:14:20.462Z] ----------------------------------------------------------------------
[debug] 
[debug] [2021-06-12T07:14:20.472Z] > command requires scopes: ["email","openid","https://www.googleapis.com/auth/cloudplatformprojects.readonly","https://www.googleapis.com/auth/firebase","https://www.googleapis.com/auth/cloud-platform"]
[debug] [2021-06-12T07:14:20.472Z] > authorizing via signed-in user (thiamzirabm@gmail.com)
[info] 
     ######## #### ########  ######## ########     ###     ######  ########
     ##        ##  ##     ## ##       ##     ##  ##   ##  ##       ##
     ######    ##  ########  ######   ########  #########  ######  ######
     ##        ##  ##    ##  ##       ##     ## ##     ##       ## ##
     ##       #### ##     ## ######## ########  ##     ##  ######  ########

You're about to initialize a Firebase project in this directory:

  C:\Users\PC\COURS_ARCHI_MULTI_TIERS\Gestion_bibliotheque\Gestion_bibliotheque-Client

Before we get started, keep in mind:

  * You are initializing in an existing Firebase project directory

[info] 
=== Project Setup
[info] 
[info] First, let's associate this project directory with a Firebase project.
[info] You can create multiple project aliases by running firebase use --add, 
[info] but for now we'll just set up a default project.
[info] 
[info] i  .firebaserc already has a default project, using biblioteque-4dc77. 
[debug] [2021-06-12T07:14:26.123Z] > refreshing access token with scopes: []
[debug] [2021-06-12T07:14:26.124Z] >>> HTTP REQUEST POST https://www.googleapis.com/oauth2/v3/token  
 <request body omitted>
[debug] [2021-06-12T07:15:05.572Z] Authentication Error: Your credentials are no longer valid. Please run firebase login --reauth

For CI servers and headless environments, generate a new token with firebase login:ci
[debug] [2021-06-12T07:15:17.079Z] FirebaseError: Authentication Error: Your credentials are no longer valid. Please run firebase login --reauth

For CI servers and headless environments, generate a new token with firebase login:ci
    at invalidCredentialError (C:\Users\PC\AppData\Roaming\npm\node_modules\firebase-tools\lib\auth.js:141:12)
    at refreshTokens (C:\Users\PC\AppData\Roaming\npm\node_modules\firebase-tools\lib\auth.js:450:15)
    at process._tickCallback (internal/process/next_tick.js:68:7)
[error] 
[error] Error: Failed to get Firebase project biblioteque-4dc77. Please make sure the project exists and your account has permission to access it.
[debug] [2021-06-12T07:15:24.187Z] ----------------------------------------------------------------------
[debug] [2021-06-12T07:15:24.190Z] Command:       C:\Program Files\nodejs\node.exe C:\Users\PC\AppData\Roaming\npm\node_modules\firebase-tools\lib\bin\firebase.js init
[debug] [2021-06-12T07:15:24.190Z] CLI Version:   9.9.0
[debug] [2021-06-12T07:15:24.190Z] Platform:      win32
[debug] [2021-06-12T07:15:24.190Z] Node Version:  v10.15.1
[debug] [2021-06-12T07:15:24.193Z] Time:          Sat Jun 12 2021 09:15:24 GMT+0200 (GMT+02:00)
[debug] [2021-06-12T07:15:24.193Z] ----------------------------------------------------------------------
[debug] 
[debug] [2021-06-12T07:15:24.203Z] > command requires scopes: ["email","openid","https://www.googleapis.com/auth/cloudplatformprojects.readonly","https://www.googleapis.com/auth/firebase","https://www.googleapis.com/auth/cloud-platform"]
[debug] [2021-06-12T07:15:24.203Z] > authorizing via signed-in user (thiamzirabm@gmail.com)
[info] 
     ######## #### ########  ######## ########     ###     ######  ########
     ##        ##  ##     ## ##       ##     ##  ##   ##  ##       ##
     ######    ##  ########  ######   ########  #########  ######  ######
     ##        ##  ##    ##  ##       ##     ## ##     ##       ## ##
     ##       #### ##     ## ######## ########  ##     ##  ######  ########

You're about to initialize a Firebase project in this directory:

  C:\Users\PC\COURS_ARCHI_MULTI_TIERS\Gestion_bibliotheque\Gestion_bibliotheque-Client

Before we get started, keep in mind:

  * You are initializing in an existing Firebase project directory

[info] 
=== Project Setup
[info] 
[info] First, let's associate this project directory with a Firebase project.
[info] You can create multiple project aliases by running firebase use --add, 
[info] but for now we'll just set up a default project.
[info] 
[info] i  .firebaserc already has a default project, using biblioteque-4dc77. 
[debug] [2021-06-12T07:15:30.834Z] > refreshing access token with scopes: []
[debug] [2021-06-12T07:15:30.834Z] >>> HTTP REQUEST POST https://www.googleapis.com/oauth2/v3/token  
 <request body omitted>
[debug] [2021-06-12T07:16:13.703Z] Authentication Error: Your credentials are no longer valid. Please run firebase login --reauth

For CI servers and headless environments, generate a new token with firebase login:ci
[debug] [2021-06-12T07:16:44.409Z] ----------------------------------------------------------------------
[debug] [2021-06-12T07:16:44.412Z] Command:       C:\Program Files\nodejs\node.exe C:\Users\PC\AppData\Roaming\npm\node_modules\firebase-tools\lib\bin\firebase.js init
[debug] [2021-06-12T07:16:44.413Z] CLI Version:   9.9.0
[debug] [2021-06-12T07:16:44.413Z] Platform:      win32
[debug] [2021-06-12T07:16:44.413Z] Node Version:  v10.15.1
[debug] [2021-06-12T07:16:44.415Z] Time:          Sat Jun 12 2021 09:16:44 GMT+0200 (GMT+02:00)
[debug] [2021-06-12T07:16:44.415Z] ----------------------------------------------------------------------
[debug] 
[debug] [2021-06-12T07:16:44.425Z] > command requires scopes: ["email","openid","https://www.googleapis.com/auth/cloudplatformprojects.readonly","https://www.googleapis.com/auth/firebase","https://www.googleapis.com/auth/cloud-platform"]
[debug] [2021-06-12T07:16:44.426Z] > authorizing via signed-in user (thiamzirabm@gmail.com)
[info] 
     ######## #### ########  ######## ########     ###     ######  ########
     ##        ##  ##     ## ##       ##     ##  ##   ##  ##       ##
     ######    ##  ########  ######   ########  #########  ######  ######
     ##        ##  ##    ##  ##       ##     ## ##     ##       ## ##
     ##       #### ##     ## ######## ########  ##     ##  ######  ########

You're about to initialize a Firebase project in this directory:

  C:\Users\PC\COURS_ARCHI_MULTI_TIERS\Gestion_bibliotheque\Gestion_bibliotheque-Client

Before we get started, keep in mind:

  * You are initializing in an existing Firebase project directory

[info] 
=== Project Setup
[info] 
[info] First, let's associate this project directory with a Firebase project.
[info] You can create multiple project aliases by running firebase use --add, 
[info] but for now we'll just set up a default project.
[info] 
[info] i  .firebaserc already has a default project, using biblioteque-4dc77. 
[debug] [2021-06-12T07:16:50.591Z] > refreshing access token with scopes: []
[debug] [2021-06-12T07:16:50.592Z] >>> HTTP REQUEST POST https://www.googleapis.com/oauth2/v3/token  
 <request body omitted>
[debug] [2021-06-12T07:17:02.105Z] Authentication Error: Your credentials are no longer valid. Please run firebase login --reauth

For CI servers and headless environments, generate a new token with firebase login:ci
[debug] [2021-06-12T07:17:02.153Z] FirebaseError: Authentication Error: Your credentials are no longer valid. Please run firebase login --reauth

For CI servers and headless environments, generate a new token with firebase login:ci
    at invalidCredentialError (C:\Users\PC\AppData\Roaming\npm\node_modules\firebase-tools\lib\auth.js:141:12)
    at refreshTokens (C:\Users\PC\AppData\Roaming\npm\node_modules\firebase-tools\lib\auth.js:450:15)
    at process._tickCallback (internal/process/next_tick.js:68:7)
[error] 
[error] Error: Failed to get Firebase project biblioteque-4dc77. Please make sure the project exists and your account has permission to access it.
[debug] [2021-06-12T07:17:14.274Z] ----------------------------------------------------------------------
[debug] [2021-06-12T07:17:14.278Z] Command:       C:\Program Files\nodejs\node.exe C:\Users\PC\AppData\Roaming\npm\node_modules\firebase-tools\lib\bin\firebase.js init
[debug] [2021-06-12T07:17:14.279Z] CLI Version:   9.9.0
[debug] [2021-06-12T07:17:14.279Z] Platform:      win32
[debug] [2021-06-12T07:17:14.279Z] Node Version:  v10.15.1
[debug] [2021-06-12T07:17:14.282Z] Time:          Sat Jun 12 2021 09:17:14 GMT+0200 (GMT+02:00)
[debug] [2021-06-12T07:17:14.282Z] ----------------------------------------------------------------------
[debug] 
[debug] [2021-06-12T07:17:14.295Z] > command requires scopes: ["email","openid","https://www.googleapis.com/auth/cloudplatformprojects.readonly","https://www.googleapis.com/auth/firebase","https://www.googleapis.com/auth/cloud-platform"]
[debug] [2021-06-12T07:17:14.295Z] > authorizing via signed-in user (thiamzirabm@gmail.com)
[info] 
     ######## #### ########  ######## ########     ###     ######  ########
     ##        ##  ##     ## ##       ##     ##  ##   ##  ##       ##
     ######    ##  ########  ######   ########  #########  ######  ######
     ##        ##  ##    ##  ##       ##     ## ##     ##       ## ##
     ##       #### ##     ## ######## ########  ##     ##  ######  ########

You're about to initialize a Firebase project in this directory:

  C:\Users\PC\COURS_ARCHI_MULTI_TIERS\Gestion_bibliotheque\Gestion_bibliotheque-Client

Before we get started, keep in mind:

  * You are initializing in an existing Firebase project directory

[info] 
=== Project Setup
[info] 
[info] First, let's associate this project directory with a Firebase project.
[info] You can create multiple project aliases by running firebase use --add, 
[info] but for now we'll just set up a default project.
[info] 
[info] i  .firebaserc already has a default project, using biblioteque-4dc77. 
[debug] [2021-06-12T07:17:18.215Z] > refreshing access token with scopes: []
[debug] [2021-06-12T07:17:18.216Z] >>> HTTP REQUEST POST https://www.googleapis.com/oauth2/v3/token  
 <request body omitted>
[debug] [2021-06-12T07:17:52.835Z] Authentication Error: Your credentials are no longer valid. Please run firebase login --reauth

For CI servers and headless environments, generate a new token with firebase login:ci
[debug] [2021-06-12T07:18:23.536Z] FirebaseError: Authentication Error: Your credentials are no longer valid. Please run firebase login --reauth

For CI servers and headless environments, generate a new token with firebase login:ci
    at invalidCredentialError (C:\Users\PC\AppData\Roaming\npm\node_modules\firebase-tools\lib\auth.js:141:12)
    at refreshTokens (C:\Users\PC\AppData\Roaming\npm\node_modules\firebase-tools\lib\auth.js:450:15)
    at process._tickCallback (internal/process/next_tick.js:68:7)
[error] 
[error] Error: Failed to get Firebase project biblioteque-4dc77. Please make sure the project exists and your account has permission to access it.
[debug] [2021-06-12T07:18:36.085Z] ----------------------------------------------------------------------
[debug] [2021-06-12T07:18:36.088Z] Command:       C:\Program Files\nodejs\node.exe C:\Users\PC\AppData\Roaming\npm\node_modules\firebase-tools\lib\bin\firebase.js init
[debug] [2021-06-12T07:18:36.089Z] CLI Version:   9.9.0
[debug] [2021-06-12T07:18:36.089Z] Platform:      win32
[debug] [2021-06-12T07:18:36.089Z] Node Version:  v10.15.1
[debug] [2021-06-12T07:18:36.092Z] Time:          Sat Jun 12 2021 09:18:36 GMT+0200 (GMT+02:00)
[debug] [2021-06-12T07:18:36.092Z] ----------------------------------------------------------------------
[debug] 
[debug] [2021-06-12T07:18:36.102Z] > command requires scopes: ["email","openid","https://www.googleapis.com/auth/cloudplatformprojects.readonly","https://www.googleapis.com/auth/firebase","https://www.googleapis.com/auth/cloud-platform"]
[debug] [2021-06-12T07:18:36.102Z] > authorizing via signed-in user (thiamzirabm@gmail.com)
[info] 
     ######## #### ########  ######## ########     ###     ######  ########
     ##        ##  ##     ## ##       ##     ##  ##   ##  ##       ##
     ######    ##  ########  ######   ########  #########  ######  ######
     ##        ##  ##    ##  ##       ##     ## ##     ##       ## ##
     ##       #### ##     ## ######## ########  ##     ##  ######  ########

You're about to initialize a Firebase project in this directory:

  C:\Users\PC\COURS_ARCHI_MULTI_TIERS\Gestion_bibliotheque\Gestion_bibliotheque-Client

Before we get started, keep in mind:

  * You are initializing in an existing Firebase project directory

[info] 
=== Project Setup
[info] 
[info] First, let's associate this project directory with a Firebase project.
[info] You can create multiple project aliases by running firebase use --add, 
[info] but for now we'll just set up a default project.
[info] 
[info] i  .firebaserc already has a default project, using biblioteque-4dc77. 
[debug] [2021-06-12T07:18:46.437Z] > refreshing access token with scopes: []
[debug] [2021-06-12T07:18:46.437Z] >>> HTTP REQUEST POST https://www.googleapis.com/oauth2/v3/token  
 <request body omitted>
